# JRE version: OpenJDK Runtime Environment Temurin-21.0.9+10 (21.0.9+10) (build 21.0.9+10-LTS)
# Java VM: OpenJDK 64-Bit Server VM Temurin-21.0.9+10 (21.0.9+10-LTS, mixed mode, sharing, tiered, compressed oops, compressed class ptrs, parallel gc, windows-amd64)
GC Precious Log:
 CardTable entry size: 512
 CPUs: 8 total, 8 available
 Memory: 16168M
 Large Page Support: Disabled
 NUMA Support: Disabled
 Compressed Oops: Enabled (32-bit)
 Alignments: Space 512K, Generation 512K, Heap 2M
 Heap Min Capacity: 100M
 Heap Initial Capacity: 100M
 Heap Max Capacity: 2G
 Pre-touch: Disabled
 Parallel Workers: 8
Heap:
 PSYoungGen      total 3584K, used 3003K [0x00000000d5580000, 0x00000000d5a00000, 0x0000000100000000)
  eden space 2560K, 94% used [0x00000000d5580000,0x00000000d57dae60,0x00000000d5800000)
  from space 1024K, 57% used [0x00000000d5800000,0x00000000d5894010,0x00000000d5900000)
  to   space 1024K, 0% used [0x00000000d5900000,0x00000000d5900000,0x00000000d5a00000)
 ParOldGen       total 476160K, used 475712K [0x0000000080000000, 0x000000009d100000, 0x00000000d5580000)
  object space 476160K, 99% used [0x0000000080000000,0x000000009d0901b0,0x000000009d100000)
 Metaspace       used 67432K, committed 68800K, reserved 1114112K
  class space    used 7170K, committed 7744K, reserved 1048576K
GC Heap History (20 events):
Event: 52.665 GC heap after
{Heap after GC invocations=403 (full 3):
 PSYoungGen      total 2048K, used 608K [0x00000000d5580000, 0x00000000d5880000, 0x0000000100000000)
  eden space 1024K, 0% used [0x00000000d5580000,0x00000000d5580000,0x00000000d5680000)
  from space 1024K, 59% used [0x00000000d5780000,0x00000000d5818000,0x00000000d5880000)
  to   space 1024K, 0% used [0x00000000d5680000,0x00000000d5680000,0x00000000d5780000)
 ParOldGen       total 468480K, used 468027K [0x0000000080000000, 0x000000009c980000, 0x00000000d5580000)
  object space 468480K, 99% used [0x0000000080000000,0x000000009c90ec90,0x000000009c980000)
 Metaspace       used 67322K, committed 68736K, reserved 1114112K
  class space    used 7169K, committed 7744K, reserved 1048576K
}
Event: 52.679 GC heap before
{Heap before GC invocations=404 (full 3):
 PSYoungGen      total 2048K, used 1631K [0x00000000d5580000, 0x00000000d5880000, 0x0000000100000000)
  eden space 1024K, 99% used [0x00000000d5580000,0x00000000d567fff0,0x00000000d5680000)
  from space 1024K, 59% used [0x00000000d5780000,0x00000000d5818000,0x00000000d5880000)
  to   space 1024K, 0% used [0x00000000d5680000,0x00000000d5680000,0x00000000d5780000)
 ParOldGen       total 468480K, used 468027K [0x0000000080000000, 0x000000009c980000, 0x00000000d5580000)
  object space 468480K, 99% used [0x0000000080000000,0x000000009c90ec90,0x000000009c980000)
 Metaspace       used 67322K, committed 68736K, reserved 1114112K
  class space    used 7169K, committed 7744K, reserved 1048576K
}
Event: 52.682 GC heap after
{Heap after GC invocations=404 (full 3):
 PSYoungGen      total 2048K, used 936K [0x00000000d5580000, 0x00000000d5900000, 0x0000000100000000)
  eden space 1024K, 0% used [0x00000000d5580000,0x00000000d5580000,0x00000000d5680000)
  from space 1024K, 91% used [0x00000000d5680000,0x00000000d576a000,0x00000000d5780000)
  to   space 1024K, 0% used [0x00000000d5800000,0x00000000d5800000,0x00000000d5900000)
 ParOldGen       total 468992K, used 468523K [0x0000000080000000, 0x000000009ca00000, 0x00000000d5580000)
  object space 468992K, 99% used [0x0000000080000000,0x000000009c98ac90,0x000000009ca00000)
 Metaspace       used 67322K, committed 68736K, reserved 1114112K
  class space    used 7169K, committed 7744K, reserved 1048576K
}
Event: 52.690 GC heap before
{Heap before GC invocations=405 (full 3):
 PSYoungGen      total 2048K, used 1950K [0x00000000d5580000, 0x00000000d5900000, 0x0000000100000000)
  eden space 1024K, 99% used [0x00000000d5580000,0x00000000d567d8b0,0x00000000d5680000)
  from space 1024K, 91% used [0x00000000d5680000,0x00000000d576a000,0x00000000d5780000)
  to   space 1024K, 0% used [0x00000000d5800000,0x00000000d5800000,0x00000000d5900000)
 ParOldGen       total 468992K, used 468523K [0x0000000080000000, 0x000000009ca00000, 0x00000000d5580000)
  object space 468992K, 99% used [0x0000000080000000,0x000000009c98ac90,0x000000009ca00000)
 Metaspace       used 67322K, committed 68736K, reserved 1114112K
  class space    used 7169K, committed 7744K, reserved 1048576K
}
Event: 52.692 GC heap after
{Heap after GC invocations=405 (full 3):
 PSYoungGen      total 1536K, used 1024K [0x00000000d5580000, 0x00000000d5b00000, 0x0000000100000000)
  eden space 512K, 0% used [0x00000000d5580000,0x00000000d5580000,0x00000000d5600000)
  from space 1024K, 100% used [0x00000000d5800000,0x00000000d5900000,0x00000000d5900000)
  to   space 2048K, 0% used [0x00000000d5600000,0x00000000d5600000,0x00000000d5800000)
 ParOldGen       total 469504K, used 469251K [0x0000000080000000, 0x000000009ca80000, 0x00000000d5580000)
  object space 469504K, 99% used [0x0000000080000000,0x000000009ca40c90,0x000000009ca80000)
 Metaspace       used 67322K, committed 68736K, reserved 1114112K
  class space    used 7169K, committed 7744K, reserved 1048576K
}
Event: 52.705 GC heap before
{Heap before GC invocations=406 (full 3):
 PSYoungGen      total 1536K, used 1536K [0x00000000d5580000, 0x00000000d5b00000, 0x0000000100000000)
  eden space 512K, 100% used [0x00000000d5580000,0x00000000d5600000,0x00000000d5600000)
  from space 1024K, 100% used [0x00000000d5800000,0x00000000d5900000,0x00000000d5900000)
  to   space 2048K, 0% used [0x00000000d5600000,0x00000000d5600000,0x00000000d5800000)
 ParOldGen       total 469504K, used 469251K [0x0000000080000000, 0x000000009ca80000, 0x00000000d5580000)
  object space 469504K, 99% used [0x0000000080000000,0x000000009ca40c90,0x000000009ca80000)
 Metaspace       used 67322K, committed 68736K, reserved 1114112K
  class space    used 7169K, committed 7744K, reserved 1048576K
}
Event: 52.708 GC heap after
{Heap after GC invocations=406 (full 3):
 PSYoungGen      total 2560K, used 624K [0x00000000d5580000, 0x00000000d5980000, 0x0000000100000000)
  eden space 512K, 0% used [0x00000000d5580000,0x00000000d5580000,0x00000000d5600000)
  from space 2048K, 30% used [0x00000000d5600000,0x00000000d569c000,0x00000000d5800000)
  to   space 1536K, 0% used [0x00000000d5800000,0x00000000d5800000,0x00000000d5980000)
 ParOldGen       total 470016K, used 469907K [0x0000000080000000, 0x000000009cb00000, 0x00000000d5580000)
  object space 470016K, 99% used [0x0000000080000000,0x000000009cae4c90,0x000000009cb00000)
 Metaspace       used 67322K, committed 68736K, reserved 1114112K
  class space    used 7169K, committed 7744K, reserved 1048576K
}
Event: 52.721 GC heap before
{Heap before GC invocations=407 (full 3):
 PSYoungGen      total 2560K, used 1135K [0x00000000d5580000, 0x00000000d5980000, 0x0000000100000000)
  eden space 512K, 99% used [0x00000000d5580000,0x00000000d55ffff8,0x00000000d5600000)
  from space 2048K, 30% used [0x00000000d5600000,0x00000000d569c000,0x00000000d5800000)
  to   space 1536K, 0% used [0x00000000d5800000,0x00000000d5800000,0x00000000d5980000)
 ParOldGen       total 470016K, used 469907K [0x0000000080000000, 0x000000009cb00000, 0x00000000d5580000)
  object space 470016K, 99% used [0x0000000080000000,0x000000009cae4c90,0x000000009cb00000)
 Metaspace       used 67324K, committed 68736K, reserved 1114112K
  class space    used 7169K, committed 7744K, reserved 1048576K
}
Event: 52.724 GC heap after
{Heap after GC invocations=407 (full 3):
 PSYoungGen      total 1536K, used 368K [0x00000000d5580000, 0x00000000d5880000, 0x0000000100000000)
  eden space 1024K, 0% used [0x00000000d5580000,0x00000000d5580000,0x00000000d5680000)
  from space 512K, 71% used [0x00000000d5800000,0x00000000d585c010,0x00000000d5880000)
  to   space 1024K, 0% used [0x00000000d5680000,0x00000000d5680000,0x00000000d5780000)
 ParOldGen       total 471040K, used 470779K [0x0000000080000000, 0x000000009cc00000, 0x00000000d5580000)
  object space 471040K, 99% used [0x0000000080000000,0x000000009cbbec90,0x000000009cc00000)
 Metaspace       used 67324K, committed 68736K, reserved 1114112K
  class space    used 7169K, committed 7744K, reserved 1048576K
}
Event: 52.738 GC heap before
{Heap before GC invocations=408 (full 3):
 PSYoungGen      total 1536K, used 1392K [0x00000000d5580000, 0x00000000d5880000, 0x0000000100000000)
  eden space 1024K, 100% used [0x00000000d5580000,0x00000000d5680000,0x00000000d5680000)
  from space 512K, 71% used [0x00000000d5800000,0x00000000d585c010,0x00000000d5880000)
  to   space 1024K, 0% used [0x00000000d5680000,0x00000000d5680000,0x00000000d5780000)
 ParOldGen       total 471040K, used 470779K [0x0000000080000000, 0x000000009cc00000, 0x00000000d5580000)
  object space 471040K, 99% used [0x0000000080000000,0x000000009cbbec90,0x000000009cc00000)
 Metaspace       used 67342K, committed 68736K, reserved 1114112K
  class space    used 7169K, committed 7744K, reserved 1048576K
}
Event: 52.742 GC heap after
{Heap after GC invocations=408 (full 3):
 PSYoungGen      total 2048K, used 416K [0x00000000d5580000, 0x00000000d5880000, 0x0000000100000000)
  eden space 1024K, 0% used [0x00000000d5580000,0x00000000d5580000,0x00000000d5680000)
  from space 1024K, 40% used [0x00000000d5680000,0x00000000d56e8000,0x00000000d5780000)
  to   space 512K, 0% used [0x00000000d5800000,0x00000000d5800000,0x00000000d5880000)
 ParOldGen       total 471040K, used 471003K [0x0000000080000000, 0x000000009cc00000, 0x00000000d5580000)
  object space 471040K, 99% used [0x0000000080000000,0x000000009cbf6ca0,0x000000009cc00000)
 Metaspace       used 67342K, committed 68736K, reserved 1114112K
  class space    used 7169K, committed 7744K, reserved 1048576K
}
Event: 52.746 GC heap before
{Heap before GC invocations=409 (full 3):
 PSYoungGen      total 2048K, used 1440K [0x00000000d5580000, 0x00000000d5880000, 0x0000000100000000)
  eden space 1024K, 100% used [0x00000000d5580000,0x00000000d5680000,0x00000000d5680000)
  from space 1024K, 40% used [0x00000000d5680000,0x00000000d56e8000,0x00000000d5780000)
  to   space 512K, 0% used [0x00000000d5800000,0x00000000d5800000,0x00000000d5880000)
 ParOldGen       total 471040K, used 471003K [0x0000000080000000, 0x000000009cc00000, 0x00000000d5580000)
  object space 471040K, 99% used [0x0000000080000000,0x000000009cbf6ca0,0x000000009cc00000)
 Metaspace       used 67343K, committed 68736K, reserved 1114112K
  class space    used 7169K, committed 7744K, reserved 1048576K
}
Event: 52.748 GC heap after
{Heap after GC invocations=409 (full 3):
 PSYoungGen      total 1536K, used 499K [0x00000000d5580000, 0x00000000d5a00000, 0x0000000100000000)
  eden space 1024K, 0% used [0x00000000d5580000,0x00000000d5580000,0x00000000d5680000)
  from space 512K, 97% used [0x00000000d5800000,0x00000000d587cd20,0x00000000d5880000)
  to   space 1536K, 0% used [0x00000000d5680000,0x00000000d5680000,0x00000000d5800000)
 ParOldGen       total 472064K, used 471638K [0x0000000080000000, 0x000000009cd00000, 0x00000000d5580000)
  object space 472064K, 99% used [0x0000000080000000,0x000000009cc959c0,0x000000009cd00000)
 Metaspace       used 67343K, committed 68736K, reserved 1114112K
  class space    used 7169K, committed 7744K, reserved 1048576K
}
Event: 52.759 GC heap before
{Heap before GC invocations=410 (full 3):
 PSYoungGen      total 1536K, used 1523K [0x00000000d5580000, 0x00000000d5a00000, 0x0000000100000000)
  eden space 1024K, 100% used [0x00000000d5580000,0x00000000d5680000,0x00000000d5680000)
  from space 512K, 97% used [0x00000000d5800000,0x00000000d587cd20,0x00000000d5880000)
  to   space 1536K, 0% used [0x00000000d5680000,0x00000000d5680000,0x00000000d5800000)
 ParOldGen       total 472064K, used 471638K [0x0000000080000000, 0x000000009cd00000, 0x00000000d5580000)
  object space 472064K, 99% used [0x0000000080000000,0x000000009cc959c0,0x000000009cd00000)
 Metaspace       used 67349K, committed 68736K, reserved 1114112K
  class space    used 7169K, committed 7744K, reserved 1048576K
}
Event: 52.763 GC heap after
{Heap after GC invocations=410 (full 3):
 PSYoungGen      total 2560K, used 992K [0x00000000d5580000, 0x00000000d5a00000, 0x0000000100000000)
  eden space 1024K, 0% used [0x00000000d5580000,0x00000000d5580000,0x00000000d5680000)
  from space 1536K, 64% used [0x00000000d5680000,0x00000000d5778000,0x00000000d5800000)
  to   space 1536K, 0% used [0x00000000d5880000,0x00000000d5880000,0x00000000d5a00000)
 ParOldGen       total 472576K, used 472145K [0x0000000080000000, 0x000000009cd80000, 0x00000000d5580000)
  object space 472576K, 99% used [0x0000000080000000,0x000000009cd146e0,0x000000009cd80000)
 Metaspace       used 67349K, committed 68736K, reserved 1114112K
  class space    used 7169K, committed 7744K, reserved 1048576K
}
Event: 52.766 GC heap before
{Heap before GC invocations=411 (full 3):
 PSYoungGen      total 2560K, used 2016K [0x00000000d5580000, 0x00000000d5a00000, 0x0000000100000000)
  eden space 1024K, 100% used [0x00000000d5580000,0x00000000d5680000,0x00000000d5680000)
  from space 1536K, 64% used [0x00000000d5680000,0x00000000d5778000,0x00000000d5800000)
  to   space 1536K, 0% used [0x00000000d5880000,0x00000000d5880000,0x00000000d5a00000)
 ParOldGen       total 472576K, used 472145K [0x0000000080000000, 0x000000009cd80000, 0x00000000d5580000)
  object space 472576K, 99% used [0x0000000080000000,0x000000009cd146e0,0x000000009cd80000)
 Metaspace       used 67349K, committed 68736K, reserved 1114112K
  class space    used 7169K, committed 7744K, reserved 1048576K
}
Event: 52.770 GC heap after
{Heap after GC invocations=411 (full 3):
 PSYoungGen      total 3072K, used 1024K [0x00000000d5580000, 0x00000000d5a00000, 0x0000000100000000)
  eden space 1536K, 0% used [0x00000000d5580000,0x00000000d5580000,0x00000000d5700000)
  from space 1536K, 66% used [0x00000000d5880000,0x00000000d5980000,0x00000000d5a00000)
  to   space 1536K, 0% used [0x00000000d5700000,0x00000000d5700000,0x00000000d5880000)
 ParOldGen       total 473088K, used 472977K [0x0000000080000000, 0x000000009ce00000, 0x00000000d5580000)
  object space 473088K, 99% used [0x0000000080000000,0x000000009cde46e0,0x000000009ce00000)
 Metaspace       used 67349K, committed 68736K, reserved 1114112K
  class space    used 7169K, committed 7744K, reserved 1048576K
}
Event: 52.778 GC heap before
{Heap before GC invocations=412 (full 3):
 PSYoungGen      total 3072K, used 2560K [0x00000000d5580000, 0x00000000d5a00000, 0x0000000100000000)
  eden space 1536K, 100% used [0x00000000d5580000,0x00000000d5700000,0x00000000d5700000)
  from space 1536K, 66% used [0x00000000d5880000,0x00000000d5980000,0x00000000d5a00000)
  to   space 1536K, 0% used [0x00000000d5700000,0x00000000d5700000,0x00000000d5880000)
 ParOldGen       total 473088K, used 472977K [0x0000000080000000, 0x000000009ce00000, 0x00000000d5580000)
  object space 473088K, 99% used [0x0000000080000000,0x000000009cde46e0,0x000000009ce00000)
 Metaspace       used 67357K, committed 68736K, reserved 1114112K
  class space    used 7169K, committed 7744K, reserved 1048576K
}
Event: 52.781 GC heap after
{Heap after GC invocations=412 (full 3):
 PSYoungGen      total 3072K, used 1140K [0x00000000d5580000, 0x00000000d5a80000, 0x0000000100000000)
  eden space 1536K, 0% used [0x00000000d5580000,0x00000000d5580000,0x00000000d5700000)
  from space 1536K, 74% used [0x00000000d5700000,0x00000000d581d000,0x00000000d5880000)
  to   space 1536K, 0% used [0x00000000d5900000,0x00000000d5900000,0x00000000d5a80000)
 ParOldGen       total 474112K, used 473929K [0x0000000080000000, 0x000000009cf00000, 0x00000000d5580000)
  object space 474112K, 99% used [0x0000000080000000,0x000000009ced26e0,0x000000009cf00000)
 Metaspace       used 67357K, committed 68736K, reserved 1114112K
  class space    used 7169K, committed 7744K, reserved 1048576K
}
Event: 53.006 GC heap before
{Heap before GC invocations=413 (full 3):
 PSYoungGen      total 3072K, used 2674K [0x00000000d5580000, 0x00000000d5a80000, 0x0000000100000000)
  eden space 1536K, 99% used [0x00000000d5580000,0x00000000d56ffbe8,0x00000000d5700000)
  from space 1536K, 74% used [0x00000000d5700000,0x00000000d581d000,0x00000000d5880000)
  to   space 1536K, 0% used [0x00000000d5900000,0x00000000d5900000,0x00000000d5a80000)
 ParOldGen       total 474112K, used 473929K [0x0000000080000000, 0x000000009cf00000, 0x00000000d5580000)
  object space 474112K, 99% used [0x0000000080000000,0x000000009ced26e0,0x000000009cf00000)
 Metaspace       used 67377K, committed 68800K, reserved 1114112K
  class space    used 7170K, committed 7744K, reserved 1048576K
}

