# JRE version: OpenJDK Runtime Environment Temurin-21.0.9+10 (21.0.9+10) (build 21.0.9+10-LTS)
# Java VM: OpenJDK 64-Bit Server VM Temurin-21.0.9+10 (21.0.9+10-LTS, mixed mode, sharing, tiered, compressed oops, compressed class ptrs, parallel gc, windows-amd64)
GC Precious Log:
 CardTable entry size: 512
 CPUs: 8 total, 8 available
 Memory: 16168M
 Large Page Support: Disabled
 NUMA Support: Disabled
 Compressed Oops: Enabled (32-bit)
 Alignments: Space 512K, Generation 512K, Heap 2M
 Heap Min Capacity: 100M
 Heap Initial Capacity: 100M
 Heap Max Capacity: 2G
 Pre-touch: Disabled
 Parallel Workers: 8
Heap:
 PSYoungGen      total 8704K, used 8626K [0x00000000d5580000, 0x00000000d6280000, 0x0000000100000000)
  eden space 5120K, 100% used [0x00000000d5580000,0x00000000d5a80000,0x00000000d5a80000)
  from space 3584K, 97% used [0x00000000d5a80000,0x00000000d5dec860,0x00000000d5e00000)
  to   space 3584K, 0% used [0x00000000d5f00000,0x00000000d5f00000,0x00000000d6280000)
 ParOldGen       total 628736K, used 628302K [0x0000000080000000, 0x00000000a6600000, 0x00000000d5580000)
  object space 628736K, 99% used [0x0000000080000000,0x00000000a6593998,0x00000000a6600000)
 Metaspace       used 78835K, committed 80384K, reserved 1179648K
  class space    used 8038K, committed 8768K, reserved 1048576K
GC Heap History (20 events):
Event: 751.239 GC heap before
{Heap before GC invocations=890 (full 4):
 PSYoungGen      total 5632K, used 3520K [0x00000000d5580000, 0x00000000d5c00000, 0x0000000100000000)
  eden space 3072K, 100% used [0x00000000d5580000,0x00000000d5880000,0x00000000d5880000)
  from space 2560K, 17% used [0x00000000d5880000,0x00000000d58f0000,0x00000000d5b00000)
  to   space 1024K, 0% used [0x00000000d5b00000,0x00000000d5b00000,0x00000000d5c00000)
 ParOldGen       total 615424K, used 615265K [0x0000000080000000, 0x00000000a5900000, 0x00000000d5580000)
  object space 615424K, 99% used [0x0000000080000000,0x00000000a58d8648,0x00000000a5900000)
 Metaspace       used 78806K, committed 80384K, reserved 1179648K
  class space    used 8038K, committed 8768K, reserved 1048576K
}
Event: 751.240 GC heap after
{Heap after GC invocations=890 (full 4):
 PSYoungGen      total 5120K, used 864K [0x00000000d5580000, 0x00000000d5c00000, 0x0000000100000000)
  eden space 4096K, 0% used [0x00000000d5580000,0x00000000d5580000,0x00000000d5980000)
  from space 1024K, 84% used [0x00000000d5b00000,0x00000000d5bd8000,0x00000000d5c00000)
  to   space 1024K, 0% used [0x00000000d5a00000,0x00000000d5a00000,0x00000000d5b00000)
 ParOldGen       total 615936K, used 615601K [0x0000000080000000, 0x00000000a5980000, 0x00000000d5580000)
  object space 615936K, 99% used [0x0000000080000000,0x00000000a592c648,0x00000000a5980000)
 Metaspace       used 78806K, committed 80384K, reserved 1179648K
  class space    used 8038K, committed 8768K, reserved 1048576K
}
Event: 751.261 GC heap before
{Heap before GC invocations=891 (full 4):
 PSYoungGen      total 5120K, used 4960K [0x00000000d5580000, 0x00000000d5c00000, 0x0000000100000000)
  eden space 4096K, 100% used [0x00000000d5580000,0x00000000d5980000,0x00000000d5980000)
  from space 1024K, 84% used [0x00000000d5b00000,0x00000000d5bd8000,0x00000000d5c00000)
  to   space 1024K, 0% used [0x00000000d5a00000,0x00000000d5a00000,0x00000000d5b00000)
 ParOldGen       total 615936K, used 615601K [0x0000000080000000, 0x00000000a5980000, 0x00000000d5580000)
  object space 615936K, 99% used [0x0000000080000000,0x00000000a592c648,0x00000000a5980000)
 Metaspace       used 78821K, committed 80384K, reserved 1179648K
  class space    used 8038K, committed 8768K, reserved 1048576K
}
Event: 751.263 GC heap after
{Heap after GC invocations=891 (full 4):
 PSYoungGen      total 5120K, used 1010K [0x00000000d5580000, 0x00000000d5f80000, 0x0000000100000000)
  eden space 4096K, 0% used [0x00000000d5580000,0x00000000d5580000,0x00000000d5980000)
  from space 1024K, 98% used [0x00000000d5a00000,0x00000000d5afc860,0x00000000d5b00000)
  to   space 3072K, 0% used [0x00000000d5c80000,0x00000000d5c80000,0x00000000d5f80000)
 ParOldGen       total 617472K, used 617209K [0x0000000080000000, 0x00000000a5b00000, 0x00000000d5580000)
  object space 617472K, 99% used [0x0000000080000000,0x00000000a5abe648,0x00000000a5b00000)
 Metaspace       used 78821K, committed 80384K, reserved 1179648K
  class space    used 8038K, committed 8768K, reserved 1048576K
}
Event: 751.276 GC heap before
{Heap before GC invocations=892 (full 4):
 PSYoungGen      total 5120K, used 5046K [0x00000000d5580000, 0x00000000d5f80000, 0x0000000100000000)
  eden space 4096K, 98% used [0x00000000d5580000,0x00000000d5971050,0x00000000d5980000)
  from space 1024K, 98% used [0x00000000d5a00000,0x00000000d5afc860,0x00000000d5b00000)
  to   space 3072K, 0% used [0x00000000d5c80000,0x00000000d5c80000,0x00000000d5f80000)
 ParOldGen       total 617472K, used 617209K [0x0000000080000000, 0x00000000a5b00000, 0x00000000d5580000)
  object space 617472K, 99% used [0x0000000080000000,0x00000000a5abe648,0x00000000a5b00000)
 Metaspace       used 78821K, committed 80384K, reserved 1179648K
  class space    used 8038K, committed 8768K, reserved 1048576K
}
Event: 751.278 GC heap after
{Heap after GC invocations=892 (full 4):
 PSYoungGen      total 5120K, used 544K [0x00000000d5580000, 0x00000000d5d80000, 0x0000000100000000)
  eden space 4096K, 0% used [0x00000000d5580000,0x00000000d5580000,0x00000000d5980000)
  from space 1024K, 53% used [0x00000000d5c80000,0x00000000d5d08000,0x00000000d5d80000)
  to   space 1536K, 0% used [0x00000000d5a80000,0x00000000d5a80000,0x00000000d5c00000)
 ParOldGen       total 617984K, used 617793K [0x0000000080000000, 0x00000000a5b80000, 0x00000000d5580000)
  object space 617984K, 99% used [0x0000000080000000,0x00000000a5b50648,0x00000000a5b80000)
 Metaspace       used 78821K, committed 80384K, reserved 1179648K
  class space    used 8038K, committed 8768K, reserved 1048576K
}
Event: 751.289 GC heap before
{Heap before GC invocations=893 (full 4):
 PSYoungGen      total 5120K, used 4640K [0x00000000d5580000, 0x00000000d5d80000, 0x0000000100000000)
  eden space 4096K, 100% used [0x00000000d5580000,0x00000000d5980000,0x00000000d5980000)
  from space 1024K, 53% used [0x00000000d5c80000,0x00000000d5d08000,0x00000000d5d80000)
  to   space 1536K, 0% used [0x00000000d5a80000,0x00000000d5a80000,0x00000000d5c00000)
 ParOldGen       total 617984K, used 617793K [0x0000000080000000, 0x00000000a5b80000, 0x00000000d5580000)
  object space 617984K, 99% used [0x0000000080000000,0x00000000a5b50648,0x00000000a5b80000)
 Metaspace       used 78821K, committed 80384K, reserved 1179648K
  class space    used 8038K, committed 8768K, reserved 1048576K
}
Event: 751.293 GC heap after
{Heap after GC invocations=893 (full 4):
 PSYoungGen      total 5632K, used 1522K [0x00000000d5580000, 0x00000000d6380000, 0x0000000100000000)
  eden space 4096K, 0% used [0x00000000d5580000,0x00000000d5580000,0x00000000d5980000)
  from space 1536K, 99% used [0x00000000d5a80000,0x00000000d5bfc860,0x00000000d5c00000)
  to   space 5120K, 0% used [0x00000000d5e80000,0x00000000d5e80000,0x00000000d6380000)
 ParOldGen       total 620544K, used 620539K [0x0000000080000000, 0x00000000a5e00000, 0x00000000d5580000)
  object space 620544K, 99% used [0x0000000080000000,0x00000000a5dfedf8,0x00000000a5e00000)
 Metaspace       used 78821K, committed 80384K, reserved 1179648K
  class space    used 8038K, committed 8768K, reserved 1048576K
}
Event: 751.311 GC heap before
{Heap before GC invocations=894 (full 4):
 PSYoungGen      total 5632K, used 5618K [0x00000000d5580000, 0x00000000d6380000, 0x0000000100000000)
  eden space 4096K, 100% used [0x00000000d5580000,0x00000000d5980000,0x00000000d5980000)
  from space 1536K, 99% used [0x00000000d5a80000,0x00000000d5bfc860,0x00000000d5c00000)
  to   space 5120K, 0% used [0x00000000d5e80000,0x00000000d5e80000,0x00000000d6380000)
 ParOldGen       total 620544K, used 620539K [0x0000000080000000, 0x00000000a5e00000, 0x00000000d5580000)
  object space 620544K, 99% used [0x0000000080000000,0x00000000a5dfedf8,0x00000000a5e00000)
 Metaspace       used 78821K, committed 80384K, reserved 1179648K
  class space    used 8038K, committed 8768K, reserved 1048576K
}
Event: 751.314 GC heap after
{Heap after GC invocations=894 (full 4):
 PSYoungGen      total 5632K, used 1408K [0x00000000d5580000, 0x00000000d6000000, 0x0000000100000000)
  eden space 4096K, 0% used [0x00000000d5580000,0x00000000d5580000,0x00000000d5980000)
  from space 1536K, 91% used [0x00000000d5e80000,0x00000000d5fe0000,0x00000000d6000000)
  to   space 2560K, 0% used [0x00000000d5b00000,0x00000000d5b00000,0x00000000d5d80000)
 ParOldGen       total 622592K, used 622117K [0x0000000080000000, 0x00000000a6000000, 0x00000000d5580000)
  object space 622592K, 99% used [0x0000000080000000,0x00000000a5f89658,0x00000000a6000000)
 Metaspace       used 78821K, committed 80384K, reserved 1179648K
  class space    used 8038K, committed 8768K, reserved 1048576K
}
Event: 751.329 GC heap before
{Heap before GC invocations=895 (full 4):
 PSYoungGen      total 5632K, used 5504K [0x00000000d5580000, 0x00000000d6000000, 0x0000000100000000)
  eden space 4096K, 100% used [0x00000000d5580000,0x00000000d5980000,0x00000000d5980000)
  from space 1536K, 91% used [0x00000000d5e80000,0x00000000d5fe0000,0x00000000d6000000)
  to   space 2560K, 0% used [0x00000000d5b00000,0x00000000d5b00000,0x00000000d5d80000)
 ParOldGen       total 622592K, used 622117K [0x0000000080000000, 0x00000000a6000000, 0x00000000d5580000)
  object space 622592K, 99% used [0x0000000080000000,0x00000000a5f89658,0x00000000a6000000)
 Metaspace       used 78828K, committed 80384K, reserved 1179648K
  class space    used 8038K, committed 8768K, reserved 1048576K
}
Event: 751.335 GC heap after
{Heap after GC invocations=895 (full 4):
 PSYoungGen      total 6656K, used 2546K [0x00000000d5580000, 0x00000000d6280000, 0x0000000100000000)
  eden space 4096K, 0% used [0x00000000d5580000,0x00000000d5580000,0x00000000d5980000)
  from space 2560K, 99% used [0x00000000d5b00000,0x00000000d5d7c860,0x00000000d5d80000)
  to   space 4608K, 0% used [0x00000000d5e00000,0x00000000d5e00000,0x00000000d6280000)
 ParOldGen       total 623616K, used 623517K [0x0000000080000000, 0x00000000a6100000, 0x00000000d5580000)
  object space 623616K, 99% used [0x0000000080000000,0x00000000a60e7658,0x00000000a6100000)
 Metaspace       used 78828K, committed 80384K, reserved 1179648K
  class space    used 8038K, committed 8768K, reserved 1048576K
}
Event: 751.814 GC heap before
{Heap before GC invocations=896 (full 4):
 PSYoungGen      total 6656K, used 6567K [0x00000000d5580000, 0x00000000d6280000, 0x0000000100000000)
  eden space 4096K, 98% used [0x00000000d5580000,0x00000000d596d448,0x00000000d5980000)
  from space 2560K, 99% used [0x00000000d5b00000,0x00000000d5d7c860,0x00000000d5d80000)
  to   space 4608K, 0% used [0x00000000d5e00000,0x00000000d5e00000,0x00000000d6280000)
 ParOldGen       total 623616K, used 623517K [0x0000000080000000, 0x00000000a6100000, 0x00000000d5580000)
  object space 623616K, 99% used [0x0000000080000000,0x00000000a60e7658,0x00000000a6100000)
 Metaspace       used 78832K, committed 80384K, reserved 1179648K
  class space    used 8038K, committed 8768K, reserved 1048576K
}
Event: 751.818 GC heap after
{Heap after GC invocations=896 (full 4):
 PSYoungGen      total 5120K, used 841K [0x00000000d5580000, 0x00000000d5f00000, 0x0000000100000000)
  eden space 4096K, 0% used [0x00000000d5580000,0x00000000d5580000,0x00000000d5980000)
  from space 1024K, 82% used [0x00000000d5e00000,0x00000000d5ed2430,0x00000000d5f00000)
  to   space 2048K, 0% used [0x00000000d5b00000,0x00000000d5b00000,0x00000000d5d00000)
 ParOldGen       total 624128K, used 624069K [0x0000000080000000, 0x00000000a6180000, 0x00000000d5580000)
  object space 624128K, 99% used [0x0000000080000000,0x00000000a6171658,0x00000000a6180000)
 Metaspace       used 78832K, committed 80384K, reserved 1179648K
  class space    used 8038K, committed 8768K, reserved 1048576K
}
Event: 751.829 GC heap before
{Heap before GC invocations=897 (full 4):
 PSYoungGen      total 5120K, used 4937K [0x00000000d5580000, 0x00000000d5f00000, 0x0000000100000000)
  eden space 4096K, 100% used [0x00000000d5580000,0x00000000d5980000,0x00000000d5980000)
  from space 1024K, 82% used [0x00000000d5e00000,0x00000000d5ed2430,0x00000000d5f00000)
  to   space 2048K, 0% used [0x00000000d5b00000,0x00000000d5b00000,0x00000000d5d00000)
 ParOldGen       total 624128K, used 624069K [0x0000000080000000, 0x00000000a6180000, 0x00000000d5580000)
  object space 624128K, 99% used [0x0000000080000000,0x00000000a6171658,0x00000000a6180000)
 Metaspace       used 78833K, committed 80384K, reserved 1179648K
  class space    used 8038K, committed 8768K, reserved 1048576K
}
Event: 751.834 GC heap after
{Heap after GC invocations=897 (full 4):
 PSYoungGen      total 6144K, used 2025K [0x00000000d5580000, 0x00000000d6280000, 0x0000000100000000)
  eden space 4096K, 0% used [0x00000000d5580000,0x00000000d5580000,0x00000000d5980000)
  from space 2048K, 98% used [0x00000000d5b00000,0x00000000d5cfa430,0x00000000d5d00000)
  to   space 4608K, 0% used [0x00000000d5e00000,0x00000000d5e00000,0x00000000d6280000)
 ParOldGen       total 626176K, used 625749K [0x0000000080000000, 0x00000000a6380000, 0x00000000d5580000)
  object space 626176K, 99% used [0x0000000080000000,0x00000000a6315568,0x00000000a6380000)
 Metaspace       used 78833K, committed 80384K, reserved 1179648K
  class space    used 8038K, committed 8768K, reserved 1048576K
}
Event: 751.845 GC heap before
{Heap before GC invocations=898 (full 4):
 PSYoungGen      total 6144K, used 6121K [0x00000000d5580000, 0x00000000d6280000, 0x0000000100000000)
  eden space 4096K, 100% used [0x00000000d5580000,0x00000000d5980000,0x00000000d5980000)
  from space 2048K, 98% used [0x00000000d5b00000,0x00000000d5cfa430,0x00000000d5d00000)
  to   space 4608K, 0% used [0x00000000d5e00000,0x00000000d5e00000,0x00000000d6280000)
 ParOldGen       total 626176K, used 625749K [0x0000000080000000, 0x00000000a6380000, 0x00000000d5580000)
  object space 626176K, 99% used [0x0000000080000000,0x00000000a6315568,0x00000000a6380000)
 Metaspace       used 78833K, committed 80384K, reserved 1179648K
  class space    used 8038K, committed 8768K, reserved 1048576K
}
Event: 751.850 GC heap after
{Heap after GC invocations=898 (full 4):
 PSYoungGen      total 8704K, used 3378K [0x00000000d5580000, 0x00000000d6180000, 0x0000000100000000)
  eden space 5120K, 0% used [0x00000000d5580000,0x00000000d5580000,0x00000000d5a80000)
  from space 3584K, 94% used [0x00000000d5e00000,0x00000000d614c860,0x00000000d6180000)
  to   space 3584K, 0% used [0x00000000d5a80000,0x00000000d5a80000,0x00000000d5e00000)
 ParOldGen       total 628224K, used 627758K [0x0000000080000000, 0x00000000a6580000, 0x00000000d5580000)
  object space 628224K, 99% used [0x0000000080000000,0x00000000a650b998,0x00000000a6580000)
 Metaspace       used 78833K, committed 80384K, reserved 1179648K
  class space    used 8038K, committed 8768K, reserved 1048576K
}
Event: 751.864 GC heap before
{Heap before GC invocations=899 (full 4):
 PSYoungGen      total 8704K, used 8498K [0x00000000d5580000, 0x00000000d6180000, 0x0000000100000000)
  eden space 5120K, 100% used [0x00000000d5580000,0x00000000d5a80000,0x00000000d5a80000)
  from space 3584K, 94% used [0x00000000d5e00000,0x00000000d614c860,0x00000000d6180000)
  to   space 3584K, 0% used [0x00000000d5a80000,0x00000000d5a80000,0x00000000d5e00000)
 ParOldGen       total 628224K, used 627758K [0x0000000080000000, 0x00000000a6580000, 0x00000000d5580000)
  object space 628224K, 99% used [0x0000000080000000,0x00000000a650b998,0x00000000a6580000)
 Metaspace       used 78833K, committed 80384K, reserved 1179648K
  class space    used 8038K, committed 8768K, reserved 1048576K
}
Event: 751.867 GC heap after
{Heap after GC invocations=899 (full 4):
 PSYoungGen      total 8704K, used 3506K [0x00000000d5580000, 0x00000000d6280000, 0x0000000100000000)
  eden space 5120K, 0% used [0x00000000d5580000,0x00000000d5580000,0x00000000d5a80000)
  from space 3584K, 97% used [0x00000000d5a80000,0x00000000d5dec860,0x00000000d5e00000)
  to   space 3584K, 0% used [0x00000000d5f00000,0x00000000d5f00000,0x00000000d6280000)
 ParOldGen       total 628736K, used 628302K [0x0000000080000000, 0x00000000a6600000, 0x00000000d5580000)
  object space 628736K, 99% used [0x0000000080000000,0x00000000a6593998,0x00000000a6600000)
 Metaspace       used 78833K, committed 80384K, reserved 1179648K
  class space    used 8038K, committed 8768K, reserved 1048576K
}

